# JRE version: OpenJDK Runtime Environment Corretto-17.0.15.6.1 (17.0.15+6) (build 17.0.15+6-LTS)
# Java VM: OpenJDK 64-Bit Server VM Corretto-17.0.15.6.1 (17.0.15+6-LTS, mixed mode, emulated-client, sharing, tiered, compressed oops, compressed class ptrs, g1 gc, windows-amd64)
GC Precious Log:
 CPUs: 16 total, 16 available
 Memory: 16115M
 Large Page Support: Disabled
 NUMA Support: Disabled
 Compressed Oops: Enabled (Zero based)
 Heap Region Size: 2M
 Heap Min Capacity: 8M
 Heap Initial Capacity: 252M
 Heap Max Capacity: 4030M
 Pre-touch: Disabled
 Parallel Workers: 13
 Concurrent Workers: 3
 Concurrent Refinement Workers: 13
 Periodic GC: Disabled
Heap:
 garbage-first heap   total 258048K, used 76699K [0x0000000704200000, 0x0000000800000000)
  region size 2048K, 2 young (4096K), 2 survivors (4096K)
 Metaspace       used 72859K, committed 73472K, reserved 1114112K
  class space    used 9692K, committed 9984K, reserved 1048576K
GC Heap History (20 events):
Event: 26.317 GC heap after
{Heap after GC invocations=15 (full 0):
 garbage-first heap   total 90112K, used 34886K [0x0000000704200000, 0x0000000800000000)
  region size 2048K, 2 young (4096K), 2 survivors (4096K)
 Metaspace       used 57988K, committed 58560K, reserved 1114112K
  class space    used 7901K, committed 8192K, reserved 1048576K
}
Event: 26.433 GC heap before
{Heap before GC invocations=15 (full 0):
 garbage-first heap   total 90112K, used 43078K [0x0000000704200000, 0x0000000800000000)
  region size 2048K, 7 young (14336K), 2 survivors (4096K)
 Metaspace       used 59967K, committed 60480K, reserved 1114112K
  class space    used 8174K, committed 8448K, reserved 1048576K
}
Event: 26.436 GC heap after
{Heap after GC invocations=16 (full 0):
 garbage-first heap   total 90112K, used 35876K [0x0000000704200000, 0x0000000800000000)
  region size 2048K, 1 young (2048K), 1 survivors (2048K)
 Metaspace       used 59967K, committed 60480K, reserved 1114112K
  class space    used 8174K, committed 8448K, reserved 1048576K
}
Event: 26.819 GC heap before
{Heap before GC invocations=17 (full 0):
 garbage-first heap   total 90112K, used 66596K [0x0000000704200000, 0x0000000800000000)
  region size 2048K, 17 young (34816K), 1 survivors (2048K)
 Metaspace       used 68647K, committed 69248K, reserved 1114112K
  class space    used 9185K, committed 9472K, reserved 1048576K
}
Event: 26.820 GC heap after
{Heap after GC invocations=18 (full 0):
 garbage-first heap   total 139264K, used 37471K [0x0000000704200000, 0x0000000800000000)
  region size 2048K, 2 young (4096K), 2 survivors (4096K)
 Metaspace       used 68647K, committed 69248K, reserved 1114112K
  class space    used 9185K, committed 9472K, reserved 1048576K
}
Event: 45.987 GC heap before
{Heap before GC invocations=18 (full 0):
 garbage-first heap   total 139264K, used 115295K [0x0000000704200000, 0x0000000800000000)
  region size 2048K, 28 young (57344K), 2 survivors (4096K)
 Metaspace       used 72859K, committed 73472K, reserved 1114112K
  class space    used 9692K, committed 9984K, reserved 1048576K
}
Event: 45.990 GC heap after
{Heap after GC invocations=19 (full 0):
 garbage-first heap   total 139264K, used 53060K [0x0000000704200000, 0x0000000800000000)
  region size 2048K, 3 young (6144K), 3 survivors (6144K)
 Metaspace       used 72859K, committed 73472K, reserved 1114112K
  class space    used 9692K, committed 9984K, reserved 1048576K
}
Event: 45.993 GC heap before
{Heap before GC invocations=19 (full 0):
 garbage-first heap   total 139264K, used 65348K [0x0000000704200000, 0x0000000800000000)
  region size 2048K, 4 young (8192K), 3 survivors (6144K)
 Metaspace       used 72859K, committed 73472K, reserved 1114112K
  class space    used 9692K, committed 9984K, reserved 1048576K
}
Event: 45.995 GC heap after
{Heap after GC invocations=20 (full 0):
 garbage-first heap   total 139264K, used 52320K [0x0000000704200000, 0x0000000800000000)
  region size 2048K, 2 young (4096K), 2 survivors (4096K)
 Metaspace       used 72859K, committed 73472K, reserved 1114112K
  class space    used 9692K, committed 9984K, reserved 1048576K
}
Event: 45.995 GC heap before
{Heap before GC invocations=20 (full 0):
 garbage-first heap   total 139264K, used 58464K [0x0000000704200000, 0x0000000800000000)
  region size 2048K, 2 young (4096K), 2 survivors (4096K)
 Metaspace       used 72859K, committed 73472K, reserved 1114112K
  class space    used 9692K, committed 9984K, reserved 1048576K
}
Event: 45.997 GC heap after
{Heap after GC invocations=21 (full 0):
 garbage-first heap   total 139264K, used 52055K [0x0000000704200000, 0x0000000800000000)
  region size 2048K, 2 young (4096K), 2 survivors (4096K)
 Metaspace       used 72859K, committed 73472K, reserved 1114112K
  class space    used 9692K, committed 9984K, reserved 1048576K
}
Event: 46.039 GC heap before
{Heap before GC invocations=21 (full 0):
 garbage-first heap   total 139264K, used 64343K [0x0000000704200000, 0x0000000800000000)
  region size 2048K, 2 young (4096K), 2 survivors (4096K)
 Metaspace       used 72859K, committed 73472K, reserved 1114112K
  class space    used 9692K, committed 9984K, reserved 1048576K
}
Event: 46.040 GC heap after
{Heap after GC invocations=22 (full 0):
 garbage-first heap   total 139264K, used 64450K [0x0000000704200000, 0x0000000800000000)
  region size 2048K, 2 young (4096K), 2 survivors (4096K)
 Metaspace       used 72859K, committed 73472K, reserved 1114112K
  class space    used 9692K, committed 9984K, reserved 1048576K
}
Event: 46.115 GC heap before
{Heap before GC invocations=23 (full 0):
 garbage-first heap   total 239616K, used 170946K [0x0000000704200000, 0x0000000800000000)
  region size 2048K, 3 young (6144K), 2 survivors (4096K)
 Metaspace       used 72859K, committed 73472K, reserved 1114112K
  class space    used 9692K, committed 9984K, reserved 1048576K
}
Event: 46.116 GC heap after
{Heap after GC invocations=24 (full 0):
 garbage-first heap   total 239616K, used 92997K [0x0000000704200000, 0x0000000800000000)
  region size 2048K, 2 young (4096K), 2 survivors (4096K)
 Metaspace       used 72859K, committed 73472K, reserved 1114112K
  class space    used 9692K, committed 9984K, reserved 1048576K
}
Event: 49.488 GC heap before
{Heap before GC invocations=24 (full 0):
 garbage-first heap   total 239616K, used 111429K [0x0000000704200000, 0x0000000800000000)
  region size 2048K, 4 young (8192K), 2 survivors (4096K)
 Metaspace       used 72859K, committed 73472K, reserved 1114112K
  class space    used 9692K, committed 9984K, reserved 1048576K
}
Event: 49.490 GC heap after
{Heap after GC invocations=25 (full 0):
 garbage-first heap   total 239616K, used 47182K [0x0000000704200000, 0x0000000800000000)
  region size 2048K, 2 young (4096K), 2 survivors (4096K)
 Metaspace       used 72859K, committed 73472K, reserved 1114112K
  class space    used 9692K, committed 9984K, reserved 1048576K
}
Event: 49.538 GC heap before
{Heap before GC invocations=25 (full 0):
 garbage-first heap   total 239616K, used 108622K [0x0000000704200000, 0x0000000800000000)
  region size 2048K, 3 young (6144K), 2 survivors (4096K)
 Metaspace       used 72859K, committed 73472K, reserved 1114112K
  class space    used 9692K, committed 9984K, reserved 1048576K
}
Event: 49.539 GC heap after
{Heap after GC invocations=26 (full 0):
 garbage-first heap   total 239616K, used 66464K [0x0000000704200000, 0x0000000800000000)
  region size 2048K, 2 young (4096K), 2 survivors (4096K)
 Metaspace       used 72859K, committed 73472K, reserved 1114112K
  class space    used 9692K, committed 9984K, reserved 1048576K
}
Event: 49.543 GC heap before
{Heap before GC invocations=26 (full 0):
 garbage-first heap   total 239616K, used 93088K [0x0000000704200000, 0x0000000800000000)
  region size 2048K, 3 young (6144K), 2 survivors (4096K)
 Metaspace       used 72859K, committed 73472K, reserved 1114112K
  class space    used 9692K, committed 9984K, reserved 1048576K
}

