# JRE version: OpenJDK Runtime Environment Corretto-17.0.15.6.1 (17.0.15+6) (build 17.0.15+6-LTS)
# Java VM: OpenJDK 64-Bit Server VM Corretto-17.0.15.6.1 (17.0.15+6-LTS, mixed mode, emulated-client, sharing, tiered, compressed oops, compressed class ptrs, g1 gc, windows-amd64)
GC Precious Log:
 CPUs: 16 total, 16 available
 Memory: 16115M
 Large Page Support: Disabled
 NUMA Support: Disabled
 Compressed Oops: Enabled (Zero based)
 Heap Region Size: 2M
 Heap Min Capacity: 8M
 Heap Initial Capacity: 252M
 Heap Max Capacity: 4030M
 Pre-touch: Disabled
 Parallel Workers: 13
 Concurrent Workers: 3
 Concurrent Refinement Workers: 13
 Periodic GC: Disabled
Heap:
 garbage-first heap   total 172032K, used 76240K [0x0000000704200000, 0x0000000800000000)
  region size 2048K, 1 young (2048K), 1 survivors (2048K)
 Metaspace       used 71337K, committed 72000K, reserved 1114112K
  class space    used 9448K, committed 9792K, reserved 1048576K
GC Heap History (20 events):
Event: 29.982 GC heap after
{Heap after GC invocations=15 (full 0):
 garbage-first heap   total 98304K, used 35216K [0x0000000704200000, 0x0000000800000000)
  region size 2048K, 3 young (6144K), 3 survivors (6144K)
 Metaspace       used 58394K, committed 58944K, reserved 1114112K
  class space    used 7864K, committed 8128K, reserved 1048576K
}
Event: 30.097 GC heap before
{Heap before GC invocations=15 (full 0):
 garbage-first heap   total 98304K, used 41360K [0x0000000704200000, 0x0000000800000000)
  region size 2048K, 8 young (16384K), 3 survivors (6144K)
 Metaspace       used 59937K, committed 60416K, reserved 1114112K
  class space    used 8090K, committed 8320K, reserved 1048576K
}
Event: 30.100 GC heap after
{Heap after GC invocations=16 (full 0):
 garbage-first heap   total 98304K, used 36085K [0x0000000704200000, 0x0000000800000000)
  region size 2048K, 2 young (4096K), 2 survivors (4096K)
 Metaspace       used 59937K, committed 60416K, reserved 1114112K
  class space    used 8090K, committed 8320K, reserved 1048576K
}
Event: 30.289 GC heap before
{Heap before GC invocations=17 (full 0):
 garbage-first heap   total 98304K, used 72949K [0x0000000704200000, 0x0000000800000000)
  region size 2048K, 21 young (43008K), 2 survivors (4096K)
 Metaspace       used 66806K, committed 67392K, reserved 1114112K
  class space    used 8863K, committed 9152K, reserved 1048576K
}
Event: 30.291 GC heap after
{Heap after GC invocations=18 (full 0):
 garbage-first heap   total 98304K, used 37658K [0x0000000704200000, 0x0000000800000000)
  region size 2048K, 2 young (4096K), 2 survivors (4096K)
 Metaspace       used 66806K, committed 67392K, reserved 1114112K
  class space    used 8863K, committed 9152K, reserved 1048576K
}
Event: 31.990 GC heap before
{Heap before GC invocations=18 (full 0):
 garbage-first heap   total 98304K, used 68378K [0x0000000704200000, 0x0000000800000000)
  region size 2048K, 15 young (30720K), 2 survivors (4096K)
 Metaspace       used 71337K, committed 72000K, reserved 1114112K
  class space    used 9448K, committed 9792K, reserved 1048576K
}
Event: 31.993 GC heap after
{Heap after GC invocations=19 (full 0):
 garbage-first heap   total 98304K, used 47099K [0x0000000704200000, 0x0000000800000000)
  region size 2048K, 3 young (6144K), 3 survivors (6144K)
 Metaspace       used 71337K, committed 72000K, reserved 1114112K
  class space    used 9448K, committed 9792K, reserved 1048576K
}
Event: 31.996 GC heap before
{Heap before GC invocations=19 (full 0):
 garbage-first heap   total 98304K, used 53243K [0x0000000704200000, 0x0000000800000000)
  region size 2048K, 4 young (8192K), 3 survivors (6144K)
 Metaspace       used 71337K, committed 72000K, reserved 1114112K
  class space    used 9448K, committed 9792K, reserved 1048576K
}
Event: 31.998 GC heap after
{Heap after GC invocations=20 (full 0):
 garbage-first heap   total 98304K, used 53225K [0x0000000704200000, 0x0000000800000000)
  region size 2048K, 2 young (4096K), 2 survivors (4096K)
 Metaspace       used 71337K, committed 72000K, reserved 1114112K
  class space    used 9448K, committed 9792K, reserved 1048576K
}
Event: 32.044 GC heap before
{Heap before GC invocations=21 (full 0):
 garbage-first heap   total 143360K, used 81897K [0x0000000704200000, 0x0000000800000000)
  region size 2048K, 3 young (6144K), 2 survivors (4096K)
 Metaspace       used 71337K, committed 72000K, reserved 1114112K
  class space    used 9448K, committed 9792K, reserved 1048576K
}
Event: 32.045 GC heap after
{Heap after GC invocations=22 (full 0):
 garbage-first heap   total 143360K, used 62011K [0x0000000704200000, 0x0000000800000000)
  region size 2048K, 1 young (2048K), 1 survivors (2048K)
 Metaspace       used 71337K, committed 72000K, reserved 1114112K
  class space    used 9448K, committed 9792K, reserved 1048576K
}
Event: 32.047 GC heap before
{Heap before GC invocations=22 (full 0):
 garbage-first heap   total 143360K, used 72251K [0x0000000704200000, 0x0000000800000000)
  region size 2048K, 2 young (4096K), 1 survivors (2048K)
 Metaspace       used 71337K, committed 72000K, reserved 1114112K
  class space    used 9448K, committed 9792K, reserved 1048576K
}
Event: 32.048 GC heap after
{Heap after GC invocations=23 (full 0):
 garbage-first heap   total 172032K, used 55796K [0x0000000704200000, 0x0000000800000000)
  region size 2048K, 1 young (2048K), 1 survivors (2048K)
 Metaspace       used 71337K, committed 72000K, reserved 1114112K
  class space    used 9448K, committed 9792K, reserved 1048576K
}
Event: 32.050 GC heap before
{Heap before GC invocations=23 (full 0):
 garbage-first heap   total 172032K, used 72180K [0x0000000704200000, 0x0000000800000000)
  region size 2048K, 2 young (4096K), 1 survivors (2048K)
 Metaspace       used 71337K, committed 72000K, reserved 1114112K
  class space    used 9448K, committed 9792K, reserved 1048576K
}
Event: 32.051 GC heap after
{Heap after GC invocations=24 (full 0):
 garbage-first heap   total 172032K, used 66011K [0x0000000704200000, 0x0000000800000000)
  region size 2048K, 1 young (2048K), 1 survivors (2048K)
 Metaspace       used 71337K, committed 72000K, reserved 1114112K
  class space    used 9448K, committed 9792K, reserved 1048576K
}
Event: 32.053 GC heap before
{Heap before GC invocations=24 (full 0):
 garbage-first heap   total 172032K, used 76251K [0x0000000704200000, 0x0000000800000000)
  region size 2048K, 2 young (4096K), 1 survivors (2048K)
 Metaspace       used 71337K, committed 72000K, reserved 1114112K
  class space    used 9448K, committed 9792K, reserved 1048576K
}
Event: 32.054 GC heap after
{Heap after GC invocations=25 (full 0):
 garbage-first heap   total 172032K, used 66004K [0x0000000704200000, 0x0000000800000000)
  region size 2048K, 1 young (2048K), 1 survivors (2048K)
 Metaspace       used 71337K, committed 72000K, reserved 1114112K
  class space    used 9448K, committed 9792K, reserved 1048576K
}
Event: 32.054 GC heap before
{Heap before GC invocations=25 (full 0):
 garbage-first heap   total 172032K, used 72148K [0x0000000704200000, 0x0000000800000000)
  region size 2048K, 2 young (4096K), 1 survivors (2048K)
 Metaspace       used 71337K, committed 72000K, reserved 1114112K
  class space    used 9448K, committed 9792K, reserved 1048576K
}
Event: 32.055 GC heap after
{Heap after GC invocations=26 (full 0):
 garbage-first heap   total 172032K, used 72146K [0x0000000704200000, 0x0000000800000000)
  region size 2048K, 1 young (2048K), 1 survivors (2048K)
 Metaspace       used 71337K, committed 72000K, reserved 1114112K
  class space    used 9448K, committed 9792K, reserved 1048576K
}
Event: 32.057 GC heap before
{Heap before GC invocations=26 (full 0):
 garbage-first heap   total 172032K, used 82386K [0x0000000704200000, 0x0000000800000000)
  region size 2048K, 1 young (2048K), 1 survivors (2048K)
 Metaspace       used 71337K, committed 72000K, reserved 1114112K
  class space    used 9448K, committed 9792K, reserved 1048576K
}

