# JRE version: OpenJDK Runtime Environment Corretto-17.0.15.6.1 (17.0.15+6) (build 17.0.15+6-LTS)
# Java VM: OpenJDK 64-Bit Server VM Corretto-17.0.15.6.1 (17.0.15+6-LTS, mixed mode, emulated-client, sharing, tiered, compressed oops, compressed class ptrs, g1 gc, windows-amd64)
GC Precious Log:
 CPUs: 16 total, 16 available
 Memory: 16115M
 Large Page Support: Disabled
 NUMA Support: Disabled
 Compressed Oops: Enabled (Zero based)
 Heap Region Size: 2M
 Heap Min Capacity: 8M
 Heap Initial Capacity: 252M
 Heap Max Capacity: 4030M
 Pre-touch: Disabled
 Parallel Workers: 13
 Concurrent Workers: 3
 Concurrent Refinement Workers: 13
 Periodic GC: Disabled
Heap:
 garbage-first heap   total 81920K, used 44825K [0x0000000704200000, 0x0000000800000000)
  region size 2048K, 8 young (16384K), 3 survivors (6144K)
 Metaspace       used 68702K, committed 69248K, reserved 1114112K
  class space    used 9207K, committed 9472K, reserved 1048576K
GC Heap History (20 events):
Event: 1.233 GC heap before
{Heap before GC invocations=6 (full 0):
 garbage-first heap   total 61440K, used 18753K [0x0000000704200000, 0x0000000800000000)
  region size 2048K, 5 young (10240K), 4 survivors (8192K)
 Metaspace       used 24165K, committed 24448K, reserved 1114112K
  class space    used 3291K, committed 3392K, reserved 1048576K
}
Event: 1.238 GC heap after
{Heap after GC invocations=7 (full 0):
 garbage-first heap   total 61440K, used 17498K [0x0000000704200000, 0x0000000800000000)
  region size 2048K, 1 young (2048K), 1 survivors (2048K)
 Metaspace       used 24165K, committed 24448K, reserved 1114112K
  class space    used 3291K, committed 3392K, reserved 1048576K
}
Event: 1.464 GC heap before
{Heap before GC invocations=7 (full 0):
 garbage-first heap   total 61440K, used 42074K [0x0000000704200000, 0x0000000800000000)
  region size 2048K, 13 young (26624K), 1 survivors (2048K)
 Metaspace       used 27465K, committed 27904K, reserved 1114112K
  class space    used 3737K, committed 3968K, reserved 1048576K
}
Event: 1.467 GC heap after
{Heap after GC invocations=8 (full 0):
 garbage-first heap   total 159744K, used 17955K [0x0000000704200000, 0x0000000800000000)
  region size 2048K, 1 young (2048K), 1 survivors (2048K)
 Metaspace       used 27465K, committed 27904K, reserved 1114112K
  class space    used 3737K, committed 3968K, reserved 1048576K
}
Event: 1.946 GC heap before
{Heap before GC invocations=8 (full 0):
 garbage-first heap   total 159744K, used 69155K [0x0000000704200000, 0x0000000800000000)
  region size 2048K, 27 young (55296K), 1 survivors (2048K)
 Metaspace       used 35587K, committed 35968K, reserved 1114112K
  class space    used 5011K, committed 5184K, reserved 1048576K
}
Event: 1.951 GC heap after
{Heap after GC invocations=9 (full 0):
 garbage-first heap   total 159744K, used 21703K [0x0000000704200000, 0x0000000800000000)
  region size 2048K, 3 young (6144K), 3 survivors (6144K)
 Metaspace       used 35587K, committed 35968K, reserved 1114112K
  class space    used 5011K, committed 5184K, reserved 1048576K
}
Event: 2.291 GC heap before
{Heap before GC invocations=10 (full 0):
 garbage-first heap   total 81920K, used 64711K [0x0000000704200000, 0x0000000800000000)
  region size 2048K, 24 young (49152K), 3 survivors (6144K)
 Metaspace       used 42602K, committed 43136K, reserved 1114112K
  class space    used 5958K, committed 6208K, reserved 1048576K
}
Event: 2.294 GC heap after
{Heap after GC invocations=11 (full 0):
 garbage-first heap   total 81920K, used 24403K [0x0000000704200000, 0x0000000800000000)
  region size 2048K, 2 young (4096K), 2 survivors (4096K)
 Metaspace       used 42602K, committed 43136K, reserved 1114112K
  class space    used 5958K, committed 6208K, reserved 1048576K
}
Event: 2.314 GC heap before
{Heap before GC invocations=11 (full 0):
 garbage-first heap   total 81920K, used 26451K [0x0000000704200000, 0x0000000800000000)
  region size 2048K, 3 young (6144K), 2 survivors (4096K)
 Metaspace       used 42808K, committed 43328K, reserved 1114112K
  class space    used 5998K, committed 6272K, reserved 1048576K
}
Event: 2.315 GC heap after
{Heap after GC invocations=12 (full 0):
 garbage-first heap   total 81920K, used 24691K [0x0000000704200000, 0x0000000800000000)
  region size 2048K, 1 young (2048K), 1 survivors (2048K)
 Metaspace       used 42808K, committed 43328K, reserved 1114112K
  class space    used 5998K, committed 6272K, reserved 1048576K
}
Event: 2.507 GC heap before
{Heap before GC invocations=12 (full 0):
 garbage-first heap   total 81920K, used 61555K [0x0000000704200000, 0x0000000800000000)
  region size 2048K, 19 young (38912K), 1 survivors (2048K)
 Metaspace       used 44970K, committed 45440K, reserved 1114112K
  class space    used 6289K, committed 6528K, reserved 1048576K
}
Event: 2.509 GC heap after
{Heap after GC invocations=13 (full 0):
 garbage-first heap   total 81920K, used 26257K [0x0000000704200000, 0x0000000800000000)
  region size 2048K, 2 young (4096K), 2 survivors (4096K)
 Metaspace       used 44970K, committed 45440K, reserved 1114112K
  class space    used 6289K, committed 6528K, reserved 1048576K
}
Event: 2.857 GC heap before
{Heap before GC invocations=13 (full 0):
 garbage-first heap   total 81920K, used 59025K [0x0000000704200000, 0x0000000800000000)
  region size 2048K, 19 young (38912K), 2 survivors (4096K)
 Metaspace       used 50452K, committed 50944K, reserved 1114112K
  class space    used 7009K, committed 7232K, reserved 1048576K
}
Event: 2.858 GC heap after
{Heap after GC invocations=14 (full 0):
 garbage-first heap   total 81920K, used 29930K [0x0000000704200000, 0x0000000800000000)
  region size 2048K, 3 young (6144K), 3 survivors (6144K)
 Metaspace       used 50452K, committed 50944K, reserved 1114112K
  class space    used 7009K, committed 7232K, reserved 1048576K
}
Event: 5.665 GC heap before
{Heap before GC invocations=14 (full 0):
 garbage-first heap   total 81920K, used 60650K [0x0000000704200000, 0x0000000800000000)
  region size 2048K, 19 young (38912K), 3 survivors (6144K)
 Metaspace       used 54465K, committed 54976K, reserved 1114112K
  class space    used 7519K, committed 7744K, reserved 1048576K
}
Event: 5.671 GC heap after
{Heap after GC invocations=15 (full 0):
 garbage-first heap   total 81920K, used 32606K [0x0000000704200000, 0x0000000800000000)
  region size 2048K, 2 young (4096K), 2 survivors (4096K)
 Metaspace       used 54465K, committed 54976K, reserved 1114112K
  class space    used 7519K, committed 7744K, reserved 1048576K
}
Event: 6.078 GC heap before
{Heap before GC invocations=15 (full 0):
 garbage-first heap   total 81920K, used 55134K [0x0000000704200000, 0x0000000800000000)
  region size 2048K, 15 young (30720K), 2 survivors (4096K)
 Metaspace       used 59820K, committed 60288K, reserved 1114112K
  class space    used 8157K, committed 8384K, reserved 1048576K
}
Event: 6.081 GC heap after
{Heap after GC invocations=16 (full 0):
 garbage-first heap   total 81920K, used 35203K [0x0000000704200000, 0x0000000800000000)
  region size 2048K, 3 young (6144K), 3 survivors (6144K)
 Metaspace       used 59820K, committed 60288K, reserved 1114112K
  class space    used 8157K, committed 8384K, reserved 1048576K
}
Event: 6.261 GC heap before
{Heap before GC invocations=17 (full 0):
 garbage-first heap   total 81920K, used 61827K [0x0000000704200000, 0x0000000800000000)
  region size 2048K, 17 young (34816K), 3 survivors (6144K)
 Metaspace       used 65740K, committed 66304K, reserved 1114112K
  class space    used 8830K, committed 9088K, reserved 1048576K
}
Event: 6.264 GC heap after
{Heap after GC invocations=18 (full 0):
 garbage-first heap   total 81920K, used 36633K [0x0000000704200000, 0x0000000800000000)
  region size 2048K, 3 young (6144K), 3 survivors (6144K)
 Metaspace       used 65740K, committed 66304K, reserved 1114112K
  class space    used 8830K, committed 9088K, reserved 1048576K
}

