# JRE version: OpenJDK Runtime Environment Temurin-21.0.7+6 (21.0.7+6) (build 21.0.7+6-LTS)
# Java VM: OpenJDK 64-Bit Server VM Temurin-21.0.7+6 (21.0.7+6-LTS, mixed mode, sharing, tiered, compressed oops, compressed class ptrs, parallel gc, windows-amd64)
GC Precious Log:
 CardTable entry size: 512
 CPUs: 16 total, 16 available
 Memory: 16115M
 Large Page Support: Disabled
 NUMA Support: Disabled
 Compressed Oops: Enabled (32-bit)
 Alignments: Space 512K, Generation 512K, Heap 2M
 Heap Min Capacity: 100M
 Heap Initial Capacity: 100M
 Heap Max Capacity: 1G
 Pre-touch: Disabled
 Parallel Workers: 13
Heap:
 PSYoungGen      total 5120K, used 1593K [0x00000000eab00000, 0x00000000eb200000, 0x0000000100000000)
  eden space 4096K, 21% used [0x00000000eab00000,0x00000000eabd9580,0x00000000eaf00000)
  from space 1024K, 70% used [0x00000000eaf00000,0x00000000eafb4ee8,0x00000000eb000000)
  to   space 1536K, 0% used [0x00000000eb080000,0x00000000eb080000,0x00000000eb200000)
 ParOldGen       total 516608K, used 516387K [0x00000000c0000000, 0x00000000df880000, 0x00000000eab00000)
  object space 516608K, 99% used [0x00000000c0000000,0x00000000df848fd8,0x00000000df880000)
 Metaspace       used 73140K, committed 74624K, reserved 1179648K
  class space    used 7043K, committed 7744K, reserved 1048576K
GC Heap History (20 events):
Event: 10538.764 GC heap before
{Heap before GC invocations=1986 (full 4):
 PSYoungGen      total 4096K, used 4096K [0x00000000eab00000, 0x00000000eb300000, 0x0000000100000000)
  eden space 3072K, 100% used [0x00000000eab00000,0x00000000eae00000,0x00000000eae00000)
  from space 1024K, 100% used [0x00000000eb000000,0x00000000eb100000,0x00000000eb100000)
  to   space 2048K, 0% used [0x00000000eae00000,0x00000000eae00000,0x00000000eb000000)
 ParOldGen       total 509952K, used 509505K [0x00000000c0000000, 0x00000000df200000, 0x00000000eab00000)
  object space 509952K, 99% used [0x00000000c0000000,0x00000000df1906c0,0x00000000df200000)
 Metaspace       used 73080K, committed 74560K, reserved 1179648K
  class space    used 7042K, committed 7744K, reserved 1048576K
}
Event: 10538.765 GC heap after
{Heap after GC invocations=1986 (full 4):
 PSYoungGen      total 4608K, used 1312K [0x00000000eab00000, 0x00000000eb100000, 0x0000000100000000)
  eden space 3072K, 0% used [0x00000000eab00000,0x00000000eab00000,0x00000000eae00000)
  from space 1536K, 85% used [0x00000000eae00000,0x00000000eaf48010,0x00000000eaf80000)
  to   space 1536K, 0% used [0x00000000eaf80000,0x00000000eaf80000,0x00000000eb100000)
 ParOldGen       total 510464K, used 510443K [0x00000000c0000000, 0x00000000df280000, 0x00000000eab00000)
  object space 510464K, 99% used [0x00000000c0000000,0x00000000df27ae10,0x00000000df280000)
 Metaspace       used 73080K, committed 74560K, reserved 1179648K
  class space    used 7042K, committed 7744K, reserved 1048576K
}
Event: 10538.824 GC heap before
{Heap before GC invocations=1987 (full 4):
 PSYoungGen      total 4608K, used 4384K [0x00000000eab00000, 0x00000000eb100000, 0x0000000100000000)
  eden space 3072K, 100% used [0x00000000eab00000,0x00000000eae00000,0x00000000eae00000)
  from space 1536K, 85% used [0x00000000eae00000,0x00000000eaf48010,0x00000000eaf80000)
  to   space 1536K, 0% used [0x00000000eaf80000,0x00000000eaf80000,0x00000000eb100000)
 ParOldGen       total 510464K, used 510443K [0x00000000c0000000, 0x00000000df280000, 0x00000000eab00000)
  object space 510464K, 99% used [0x00000000c0000000,0x00000000df27ae10,0x00000000df280000)
 Metaspace       used 73089K, committed 74560K, reserved 1179648K
  class space    used 7042K, committed 7744K, reserved 1048576K
}
Event: 10538.825 GC heap after
{Heap after GC invocations=1987 (full 4):
 PSYoungGen      total 3584K, used 372K [0x00000000eab00000, 0x00000000eb000000, 0x0000000100000000)
  eden space 3072K, 0% used [0x00000000eab00000,0x00000000eab00000,0x00000000eae00000)
  from space 512K, 72% used [0x00000000eaf80000,0x00000000eafdd2e8,0x00000000eb000000)
  to   space 1024K, 0% used [0x00000000eae00000,0x00000000eae00000,0x00000000eaf00000)
 ParOldGen       total 512000K, used 511584K [0x00000000c0000000, 0x00000000df400000, 0x00000000eab00000)
  object space 512000K, 99% used [0x00000000c0000000,0x00000000df3980a0,0x00000000df400000)
 Metaspace       used 73089K, committed 74560K, reserved 1179648K
  class space    used 7042K, committed 7744K, reserved 1048576K
}
Event: 10539.240 GC heap before
{Heap before GC invocations=1988 (full 4):
 PSYoungGen      total 3584K, used 3444K [0x00000000eab00000, 0x00000000eb000000, 0x0000000100000000)
  eden space 3072K, 100% used [0x00000000eab00000,0x00000000eae00000,0x00000000eae00000)
  from space 512K, 72% used [0x00000000eaf80000,0x00000000eafdd2e8,0x00000000eb000000)
  to   space 1024K, 0% used [0x00000000eae00000,0x00000000eae00000,0x00000000eaf00000)
 ParOldGen       total 512000K, used 511584K [0x00000000c0000000, 0x00000000df400000, 0x00000000eab00000)
  object space 512000K, 99% used [0x00000000c0000000,0x00000000df3980a0,0x00000000df400000)
 Metaspace       used 73099K, committed 74560K, reserved 1179648K
  class space    used 7042K, committed 7744K, reserved 1048576K
}
Event: 10539.242 GC heap after
{Heap after GC invocations=1988 (full 4):
 PSYoungGen      total 4096K, used 819K [0x00000000eab00000, 0x00000000eb000000, 0x0000000100000000)
  eden space 3072K, 0% used [0x00000000eab00000,0x00000000eab00000,0x00000000eae00000)
  from space 1024K, 80% used [0x00000000eae00000,0x00000000eaecced8,0x00000000eaf00000)
  to   space 1024K, 0% used [0x00000000eaf00000,0x00000000eaf00000,0x00000000eb000000)
 ParOldGen       total 512000K, used 511696K [0x00000000c0000000, 0x00000000df400000, 0x00000000eab00000)
  object space 512000K, 99% used [0x00000000c0000000,0x00000000df3b40b0,0x00000000df400000)
 Metaspace       used 73099K, committed 74560K, reserved 1179648K
  class space    used 7042K, committed 7744K, reserved 1048576K
}
Event: 10539.365 GC heap before
{Heap before GC invocations=1989 (full 4):
 PSYoungGen      total 4096K, used 3891K [0x00000000eab00000, 0x00000000eb000000, 0x0000000100000000)
  eden space 3072K, 100% used [0x00000000eab00000,0x00000000eae00000,0x00000000eae00000)
  from space 1024K, 80% used [0x00000000eae00000,0x00000000eaecced8,0x00000000eaf00000)
  to   space 1024K, 0% used [0x00000000eaf00000,0x00000000eaf00000,0x00000000eb000000)
 ParOldGen       total 512000K, used 511696K [0x00000000c0000000, 0x00000000df400000, 0x00000000eab00000)
  object space 512000K, 99% used [0x00000000c0000000,0x00000000df3b40b0,0x00000000df400000)
 Metaspace       used 73099K, committed 74560K, reserved 1179648K
  class space    used 7042K, committed 7744K, reserved 1048576K
}
Event: 10539.366 GC heap after
{Heap after GC invocations=1989 (full 4):
 PSYoungGen      total 4096K, used 531K [0x00000000eab00000, 0x00000000eb000000, 0x0000000100000000)
  eden space 3072K, 0% used [0x00000000eab00000,0x00000000eab00000,0x00000000eae00000)
  from space 1024K, 51% used [0x00000000eaf00000,0x00000000eaf84ed8,0x00000000eb000000)
  to   space 1024K, 0% used [0x00000000eae00000,0x00000000eae00000,0x00000000eaf00000)
 ParOldGen       total 512000K, used 511728K [0x00000000c0000000, 0x00000000df400000, 0x00000000eab00000)
  object space 512000K, 99% used [0x00000000c0000000,0x00000000df3bc0b0,0x00000000df400000)
 Metaspace       used 73099K, committed 74560K, reserved 1179648K
  class space    used 7042K, committed 7744K, reserved 1048576K
}
Event: 10539.369 GC heap before
{Heap before GC invocations=1990 (full 4):
 PSYoungGen      total 4096K, used 3603K [0x00000000eab00000, 0x00000000eb000000, 0x0000000100000000)
  eden space 3072K, 100% used [0x00000000eab00000,0x00000000eae00000,0x00000000eae00000)
  from space 1024K, 51% used [0x00000000eaf00000,0x00000000eaf84ed8,0x00000000eb000000)
  to   space 1024K, 0% used [0x00000000eae00000,0x00000000eae00000,0x00000000eaf00000)
 ParOldGen       total 512000K, used 511728K [0x00000000c0000000, 0x00000000df400000, 0x00000000eab00000)
  object space 512000K, 99% used [0x00000000c0000000,0x00000000df3bc0b0,0x00000000df400000)
 Metaspace       used 73099K, committed 74560K, reserved 1179648K
  class space    used 7042K, committed 7744K, reserved 1048576K
}
Event: 10539.370 GC heap after
{Heap after GC invocations=1990 (full 4):
 PSYoungGen      total 4096K, used 592K [0x00000000eab00000, 0x00000000eb000000, 0x0000000100000000)
  eden space 3072K, 0% used [0x00000000eab00000,0x00000000eab00000,0x00000000eae00000)
  from space 1024K, 57% used [0x00000000eae00000,0x00000000eae94010,0x00000000eaf00000)
  to   space 1024K, 0% used [0x00000000eaf00000,0x00000000eaf00000,0x00000000eb000000)
 ParOldGen       total 512512K, used 512024K [0x00000000c0000000, 0x00000000df480000, 0x00000000eab00000)
  object space 512512K, 99% used [0x00000000c0000000,0x00000000df406188,0x00000000df480000)
 Metaspace       used 73099K, committed 74560K, reserved 1179648K
  class space    used 7042K, committed 7744K, reserved 1048576K
}
Event: 10539.373 GC heap before
{Heap before GC invocations=1991 (full 4):
 PSYoungGen      total 4096K, used 3664K [0x00000000eab00000, 0x00000000eb000000, 0x0000000100000000)
  eden space 3072K, 100% used [0x00000000eab00000,0x00000000eae00000,0x00000000eae00000)
  from space 1024K, 57% used [0x00000000eae00000,0x00000000eae94010,0x00000000eaf00000)
  to   space 1024K, 0% used [0x00000000eaf00000,0x00000000eaf00000,0x00000000eb000000)
 ParOldGen       total 512512K, used 512024K [0x00000000c0000000, 0x00000000df480000, 0x00000000eab00000)
  object space 512512K, 99% used [0x00000000c0000000,0x00000000df406188,0x00000000df480000)
 Metaspace       used 73099K, committed 74560K, reserved 1179648K
  class space    used 7042K, committed 7744K, reserved 1048576K
}
Event: 10539.374 GC heap after
{Heap after GC invocations=1991 (full 4):
 PSYoungGen      total 4096K, used 467K [0x00000000eab00000, 0x00000000eb000000, 0x0000000100000000)
  eden space 3072K, 0% used [0x00000000eab00000,0x00000000eab00000,0x00000000eae00000)
  from space 1024K, 45% used [0x00000000eaf00000,0x00000000eaf74ed8,0x00000000eb000000)
  to   space 1024K, 0% used [0x00000000eae00000,0x00000000eae00000,0x00000000eaf00000)
 ParOldGen       total 512512K, used 512491K [0x00000000c0000000, 0x00000000df480000, 0x00000000eab00000)
  object space 512512K, 99% used [0x00000000c0000000,0x00000000df47ad10,0x00000000df480000)
 Metaspace       used 73099K, committed 74560K, reserved 1179648K
  class space    used 7042K, committed 7744K, reserved 1048576K
}
Event: 10539.378 GC heap before
{Heap before GC invocations=1992 (full 4):
 PSYoungGen      total 4096K, used 3539K [0x00000000eab00000, 0x00000000eb000000, 0x0000000100000000)
  eden space 3072K, 100% used [0x00000000eab00000,0x00000000eae00000,0x00000000eae00000)
  from space 1024K, 45% used [0x00000000eaf00000,0x00000000eaf74ed8,0x00000000eb000000)
  to   space 1024K, 0% used [0x00000000eae00000,0x00000000eae00000,0x00000000eaf00000)
 ParOldGen       total 512512K, used 512491K [0x00000000c0000000, 0x00000000df480000, 0x00000000eab00000)
  object space 512512K, 99% used [0x00000000c0000000,0x00000000df47ad10,0x00000000df480000)
 Metaspace       used 73101K, committed 74560K, reserved 1179648K
  class space    used 7042K, committed 7744K, reserved 1048576K
}
Event: 10539.380 GC heap after
{Heap after GC invocations=1992 (full 4):
 PSYoungGen      total 4096K, used 992K [0x00000000eab00000, 0x00000000eb200000, 0x0000000100000000)
  eden space 3072K, 0% used [0x00000000eab00000,0x00000000eab00000,0x00000000eae00000)
  from space 1024K, 96% used [0x00000000eae00000,0x00000000eaef8020,0x00000000eaf00000)
  to   space 2048K, 0% used [0x00000000eb000000,0x00000000eb000000,0x00000000eb200000)
 ParOldGen       total 513024K, used 512934K [0x00000000c0000000, 0x00000000df500000, 0x00000000eab00000)
  object space 513024K, 99% used [0x00000000c0000000,0x00000000df4e9be8,0x00000000df500000)
 Metaspace       used 73101K, committed 74560K, reserved 1179648K
  class space    used 7042K, committed 7744K, reserved 1048576K
}
Event: 10539.382 GC heap before
{Heap before GC invocations=1993 (full 4):
 PSYoungGen      total 4096K, used 4064K [0x00000000eab00000, 0x00000000eb200000, 0x0000000100000000)
  eden space 3072K, 100% used [0x00000000eab00000,0x00000000eae00000,0x00000000eae00000)
  from space 1024K, 96% used [0x00000000eae00000,0x00000000eaef8020,0x00000000eaf00000)
  to   space 2048K, 0% used [0x00000000eb000000,0x00000000eb000000,0x00000000eb200000)
 ParOldGen       total 513024K, used 512934K [0x00000000c0000000, 0x00000000df500000, 0x00000000eab00000)
  object space 513024K, 99% used [0x00000000c0000000,0x00000000df4e9be8,0x00000000df500000)
 Metaspace       used 73101K, committed 74560K, reserved 1179648K
  class space    used 7042K, committed 7744K, reserved 1048576K
}
Event: 10539.383 GC heap after
{Heap after GC invocations=1993 (full 4):
 PSYoungGen      total 5120K, used 448K [0x00000000eab00000, 0x00000000eb100000, 0x0000000100000000)
  eden space 4096K, 0% used [0x00000000eab00000,0x00000000eab00000,0x00000000eaf00000)
  from space 1024K, 43% used [0x00000000eb000000,0x00000000eb070000,0x00000000eb100000)
  to   space 1024K, 0% used [0x00000000eaf00000,0x00000000eaf00000,0x00000000eb000000)
 ParOldGen       total 514048K, used 513759K [0x00000000c0000000, 0x00000000df600000, 0x00000000eab00000)
  object space 514048K, 99% used [0x00000000c0000000,0x00000000df5b7c08,0x00000000df600000)
 Metaspace       used 73101K, committed 74560K, reserved 1179648K
  class space    used 7042K, committed 7744K, reserved 1048576K
}
Event: 10539.393 GC heap before
{Heap before GC invocations=1994 (full 4):
 PSYoungGen      total 5120K, used 4544K [0x00000000eab00000, 0x00000000eb100000, 0x0000000100000000)
  eden space 4096K, 100% used [0x00000000eab00000,0x00000000eaf00000,0x00000000eaf00000)
  from space 1024K, 43% used [0x00000000eb000000,0x00000000eb070000,0x00000000eb100000)
  to   space 1024K, 0% used [0x00000000eaf00000,0x00000000eaf00000,0x00000000eb000000)
 ParOldGen       total 514048K, used 513759K [0x00000000c0000000, 0x00000000df600000, 0x00000000eab00000)
  object space 514048K, 99% used [0x00000000c0000000,0x00000000df5b7c08,0x00000000df600000)
 Metaspace       used 73107K, committed 74560K, reserved 1179648K
  class space    used 7042K, committed 7744K, reserved 1048576K
}
Event: 10539.395 GC heap after
{Heap after GC invocations=1994 (full 4):
 PSYoungGen      total 5120K, used 1024K [0x00000000eab00000, 0x00000000eb200000, 0x0000000100000000)
  eden space 4096K, 0% used [0x00000000eab00000,0x00000000eab00000,0x00000000eaf00000)
  from space 1024K, 100% used [0x00000000eaf00000,0x00000000eb000000,0x00000000eb000000)
  to   space 1536K, 0% used [0x00000000eb080000,0x00000000eb080000,0x00000000eb200000)
 ParOldGen       total 514048K, used 514007K [0x00000000c0000000, 0x00000000df600000, 0x00000000eab00000)
  object space 514048K, 99% used [0x00000000c0000000,0x00000000df5f5c08,0x00000000df600000)
 Metaspace       used 73107K, committed 74560K, reserved 1179648K
  class space    used 7042K, committed 7744K, reserved 1048576K
}
Event: 10539.406 GC heap before
{Heap before GC invocations=1995 (full 4):
 PSYoungGen      total 5120K, used 5120K [0x00000000eab00000, 0x00000000eb200000, 0x0000000100000000)
  eden space 4096K, 100% used [0x00000000eab00000,0x00000000eaf00000,0x00000000eaf00000)
  from space 1024K, 100% used [0x00000000eaf00000,0x00000000eb000000,0x00000000eb000000)
  to   space 1536K, 0% used [0x00000000eb080000,0x00000000eb080000,0x00000000eb200000)
 ParOldGen       total 514048K, used 514007K [0x00000000c0000000, 0x00000000df600000, 0x00000000eab00000)
  object space 514048K, 99% used [0x00000000c0000000,0x00000000df5f5c08,0x00000000df600000)
 Metaspace       used 73133K, committed 74624K, reserved 1179648K
  class space    used 7043K, committed 7744K, reserved 1048576K
}
Event: 10539.408 GC heap after
{Heap after GC invocations=1995 (full 4):
 PSYoungGen      total 5632K, used 1527K [0x00000000eab00000, 0x00000000eb200000, 0x0000000100000000)
  eden space 4096K, 0% used [0x00000000eab00000,0x00000000eab00000,0x00000000eaf00000)
  from space 1536K, 99% used [0x00000000eb080000,0x00000000eb1fdde0,0x00000000eb200000)
  to   space 1024K, 0% used [0x00000000eaf00000,0x00000000eaf00000,0x00000000eb000000)
 ParOldGen       total 515072K, used 514927K [0x00000000c0000000, 0x00000000df700000, 0x00000000eab00000)
  object space 515072K, 99% used [0x00000000c0000000,0x00000000df6dbc18,0x00000000df700000)
 Metaspace       used 73133K, committed 74624K, reserved 1179648K
  class space    used 7043K, committed 7744K, reserved 1048576K
}

