# JRE version: OpenJDK Runtime Environment JBR-17.0.12+1-1207.37-jcef (17.0.12+1) (build 17.0.12+1-b1207.37)
# Java VM: OpenJDK 64-Bit Server VM JBR-17.0.12+1-1207.37-jcef (17.0.12+1-b1207.37, mixed mode, tiered, compressed oops, compressed class ptrs, g1 gc, windows-amd64)
GC Precious Log:
 CPUs: 16 total, 16 available
 Memory: 16115M
 Large Page Support: Disabled
 NUMA Support: Disabled
 Compressed Oops: Enabled (32-bit)
 Heap Region Size: 1M
 Heap Min Capacity: 128M
 Heap Initial Capacity: 128M
 Heap Max Capacity: 2G
 Pre-touch: Disabled
 Parallel Workers: 13
 Concurrent Workers: 3
 Concurrent Refinement Workers: 13
 Periodic GC: Disabled
Heap:
 garbage-first heap   total 131072K, used 13107K [0x0000000080000000, 0x0000000100000000)
  region size 1024K, 5 young (5120K), 0 survivors (0K)
 Metaspace       used 24844K, committed 25344K, reserved 1114112K
  class space    used 2474K, committed 2688K, reserved 1048576K
GC Heap History (14 events):
Event: 0.602 GC heap before
{Heap before GC invocations=0 (full 0):
 garbage-first heap   total 131072K, used 25600K [0x0000000080000000, 0x0000000100000000)
  region size 1024K, 23 young (23552K), 0 survivors (0K)
 Metaspace       used 18573K, committed 18880K, reserved 1114112K
  class space    used 1876K, committed 2048K, reserved 1048576K
}
Event: 0.606 GC heap after
{Heap after GC invocations=1 (full 0):
 garbage-first heap   total 131072K, used 9178K [0x0000000080000000, 0x0000000100000000)
  region size 1024K, 3 young (3072K), 3 survivors (3072K)
 Metaspace       used 18573K, committed 18880K, reserved 1114112K
  class space    used 1876K, committed 2048K, reserved 1048576K
}
Event: 0.676 GC heap before
{Heap before GC invocations=1 (full 0):
 garbage-first heap   total 131072K, used 13274K [0x0000000080000000, 0x0000000100000000)
  region size 1024K, 8 young (8192K), 3 survivors (3072K)
 Metaspace       used 21218K, committed 21504K, reserved 1114112K
  class space    used 2164K, committed 2304K, reserved 1048576K
}
Event: 0.678 GC heap after
{Heap after GC invocations=2 (full 0):
 garbage-first heap   total 131072K, used 10187K [0x0000000080000000, 0x0000000100000000)
  region size 1024K, 1 young (1024K), 1 survivors (1024K)
 Metaspace       used 21218K, committed 21504K, reserved 1114112K
  class space    used 2164K, committed 2304K, reserved 1048576K
}
Event: 2486.119 GC heap before
{Heap before GC invocations=3 (full 0):
 garbage-first heap   total 131072K, used 54219K [0x0000000080000000, 0x0000000100000000)
  region size 1024K, 44 young (45056K), 1 survivors (1024K)
 Metaspace       used 24874K, committed 25216K, reserved 1114112K
  class space    used 2514K, committed 2688K, reserved 1048576K
}
Event: 2486.122 GC heap after
{Heap after GC invocations=4 (full 0):
 garbage-first heap   total 131072K, used 11101K [0x0000000080000000, 0x0000000100000000)
  region size 1024K, 2 young (2048K), 2 survivors (2048K)
 Metaspace       used 24874K, committed 25216K, reserved 1114112K
  class space    used 2514K, committed 2688K, reserved 1048576K
}
Event: 3600.692 GC heap before
{Heap before GC invocations=4 (full 0):
 garbage-first heap   total 131072K, used 21341K [0x0000000080000000, 0x0000000100000000)
  region size 1024K, 13 young (13312K), 2 survivors (2048K)
 Metaspace       used 24953K, committed 25280K, reserved 1114112K
  class space    used 2515K, committed 2688K, reserved 1048576K
}
Event: 3600.719 GC heap after
{Heap after GC invocations=5 (full 1):
 garbage-first heap   total 131072K, used 9924K [0x0000000080000000, 0x0000000100000000)
  region size 1024K, 0 young (0K), 0 survivors (0K)
 Metaspace       used 24776K, committed 25280K, reserved 1114112K
  class space    used 2475K, committed 2688K, reserved 1048576K
}
Event: 7200.720 GC heap before
{Heap before GC invocations=5 (full 1):
 garbage-first heap   total 131072K, used 17092K [0x0000000080000000, 0x0000000100000000)
  region size 1024K, 8 young (8192K), 0 survivors (0K)
 Metaspace       used 24871K, committed 25344K, reserved 1114112K
  class space    used 2483K, committed 2688K, reserved 1048576K
}
Event: 7200.741 GC heap after
{Heap after GC invocations=6 (full 2):
 garbage-first heap   total 131072K, used 9928K [0x0000000080000000, 0x0000000100000000)
  region size 1024K, 0 young (0K), 0 survivors (0K)
 Metaspace       used 24871K, committed 25344K, reserved 1114112K
  class space    used 2483K, committed 2688K, reserved 1048576K
}
Event: 10800.743 GC heap before
{Heap before GC invocations=6 (full 2):
 garbage-first heap   total 131072K, used 16072K [0x0000000080000000, 0x0000000100000000)
  region size 1024K, 7 young (7168K), 0 survivors (0K)
 Metaspace       used 24883K, committed 25344K, reserved 1114112K
  class space    used 2483K, committed 2688K, reserved 1048576K
}
Event: 10800.766 GC heap after
{Heap after GC invocations=7 (full 3):
 garbage-first heap   total 131072K, used 9672K [0x0000000080000000, 0x0000000100000000)
  region size 1024K, 0 young (0K), 0 survivors (0K)
 Metaspace       used 24830K, committed 25344K, reserved 1114112K
  class space    used 2474K, committed 2688K, reserved 1048576K
}
Event: 14400.776 GC heap before
{Heap before GC invocations=7 (full 3):
 garbage-first heap   total 131072K, used 15816K [0x0000000080000000, 0x0000000100000000)
  region size 1024K, 7 young (7168K), 0 survivors (0K)
 Metaspace       used 24833K, committed 25344K, reserved 1114112K
  class space    used 2474K, committed 2688K, reserved 1048576K
}
Event: 14400.788 GC heap after
{Heap after GC invocations=8 (full 4):
 garbage-first heap   total 131072K, used 9011K [0x0000000080000000, 0x0000000100000000)
  region size 1024K, 0 young (0K), 0 survivors (0K)
 Metaspace       used 24833K, committed 25344K, reserved 1114112K
  class space    used 2474K, committed 2688K, reserved 1048576K
}

